2014/04/10 23:14:34 [error] [exception.CHttpException.404] exception 'CHttpException' with message 'Unable to resolve the request "gii".' in C:\Program Files (x86)\PHP\Yii\framework\web\CWebApplication.php:286
Stack trace:
#0 C:\Program Files (x86)\PHP\Yii\framework\web\CWebApplication.php(141): CWebApplication->runController('gii')
#1 C:\Program Files (x86)\PHP\Yii\framework\base\CApplication.php(180): CWebApplication->processRequest()
#2 C:\xampp\htdocs\dash\metadash\index.php(13): CApplication->run()
#3 {main}
REQUEST_URI=/dash/metadash/index.php?r=gii
---
2014/04/10 23:14:42 [error] [exception.CHttpException.404] exception 'CHttpException' with message 'Unable to resolve the request "giic".' in C:\Program Files (x86)\PHP\Yii\framework\web\CWebApplication.php:286
Stack trace:
#0 C:\Program Files (x86)\PHP\Yii\framework\web\CWebApplication.php(141): CWebApplication->runController('giic')
#1 C:\Program Files (x86)\PHP\Yii\framework\base\CApplication.php(180): CWebApplication->processRequest()
#2 C:\xampp\htdocs\dash\metadash\index.php(13): CApplication->run()
#3 {main}
REQUEST_URI=/dash/metadash/index.php?r=giic
---
2014/04/11 00:18:29 [error] [exception.CHttpException.404] exception 'CHttpException' with message 'The requested page does not exist.' in C:\xampp\htdocs\dash\metadash\protected\controllers\DataSetController.php:157
Stack trace:
#0 C:\xampp\htdocs\dash\metadash\protected\controllers\DataSetController.php(55): DataSetController->loadModel('1')
#1 [internal function]: DataSetController->actionView('1')
#2 C:\Program Files (x86)\PHP\Yii\framework\web\actions\CAction.php(108): ReflectionMethod->invokeArgs(Object(DataSetController), Array)
#3 C:\Program Files (x86)\PHP\Yii\framework\web\actions\CInlineAction.php(47): CAction->runWithParamsInternal(Object(DataSetController), Object(ReflectionMethod), Array)
#4 C:\Program Files (x86)\PHP\Yii\framework\web\CController.php(308): CInlineAction->runWithParams(Array)
#5 C:\Program Files (x86)\PHP\Yii\framework\web\filters\CFilterChain.php(133): CController->runAction(Object(CInlineAction))
#6 C:\Program Files (x86)\PHP\Yii\framework\web\filters\CFilter.php(40): CFilterChain->run()
#7 C:\Program Files (x86)\PHP\Yii\framework\web\CController.php(1145): CFilter->filter(Object(CFilterChain))
#8 C:\Program Files (x86)\PHP\Yii\framework\web\filters\CInlineFilter.php(58): CController->filterAccessControl(Object(CFilterChain))
#9 C:\Program Files (x86)\PHP\Yii\framework\web\filters\CFilterChain.php(130): CInlineFilter->filter(Object(CFilterChain))
#10 C:\Program Files (x86)\PHP\Yii\framework\web\CController.php(291): CFilterChain->run()
#11 C:\Program Files (x86)\PHP\Yii\framework\web\CController.php(265): CController->runActionWithFilters(Object(CInlineAction), Array)
#12 C:\Program Files (x86)\PHP\Yii\framework\web\CWebApplication.php(282): CController->run('view')
#13 C:\Program Files (x86)\PHP\Yii\framework\web\CWebApplication.php(141): CWebApplication->runController('dataSet/view')
#14 C:\Program Files (x86)\PHP\Yii\framework\base\CApplication.php(180): CWebApplication->processRequest()
#15 C:\xampp\htdocs\dash\metadash\index.php(13): CApplication->run()
#16 {main}
REQUEST_URI=/dash/metadash/index.php?r=dataSet/view&id=1
---
2014/04/11 21:27:08 [error] [exception.CHttpException.404] exception 'CHttpException' with message 'The requested page does not exist.' in C:\xampp\htdocs\dash\metadash\protected\controllers\DataSetController.php:157
Stack trace:
#0 C:\xampp\htdocs\dash\metadash\protected\controllers\DataSetController.php(55): DataSetController->loadModel('1')
#1 [internal function]: DataSetController->actionView('1')
#2 C:\Program Files (x86)\PHP\Yii\framework\web\actions\CAction.php(108): ReflectionMethod->invokeArgs(Object(DataSetController), Array)
#3 C:\Program Files (x86)\PHP\Yii\framework\web\actions\CInlineAction.php(47): CAction->runWithParamsInternal(Object(DataSetController), Object(ReflectionMethod), Array)
#4 C:\Program Files (x86)\PHP\Yii\framework\web\CController.php(308): CInlineAction->runWithParams(Array)
#5 C:\Program Files (x86)\PHP\Yii\framework\web\filters\CFilterChain.php(133): CController->runAction(Object(CInlineAction))
#6 C:\Program Files (x86)\PHP\Yii\framework\web\filters\CFilter.php(40): CFilterChain->run()
#7 C:\Program Files (x86)\PHP\Yii\framework\web\CController.php(1145): CFilter->filter(Object(CFilterChain))
#8 C:\Program Files (x86)\PHP\Yii\framework\web\filters\CInlineFilter.php(58): CController->filterAccessControl(Object(CFilterChain))
#9 C:\Program Files (x86)\PHP\Yii\framework\web\filters\CFilterChain.php(130): CInlineFilter->filter(Object(CFilterChain))
#10 C:\Program Files (x86)\PHP\Yii\framework\web\CController.php(291): CFilterChain->run()
#11 C:\Program Files (x86)\PHP\Yii\framework\web\CController.php(265): CController->runActionWithFilters(Object(CInlineAction), Array)
#12 C:\Program Files (x86)\PHP\Yii\framework\web\CWebApplication.php(282): CController->run('view')
#13 C:\Program Files (x86)\PHP\Yii\framework\web\CWebApplication.php(141): CWebApplication->runController('dataSet/view')
#14 C:\Program Files (x86)\PHP\Yii\framework\base\CApplication.php(180): CWebApplication->processRequest()
#15 C:\xampp\htdocs\dash\metadash\index.php(13): CApplication->run()
#16 {main}
REQUEST_URI=/dash/metadash/index.php?r=dataSet/view&id=1
HTTP_REFERER=http://localhost:81/dash/metadash/index.php?r=dataSet/index
---
2014/04/11 21:34:47 [error] [exception.CException] exception 'CException' with message 'Alias "application.extensions.spinner.SNumericSpinner" is invalid. Make sure it points to an existing PHP file and the file is readable.' in C:\Program Files (x86)\PHP\Yii\framework\YiiBase.php:322
Stack trace:
#0 C:\Program Files (x86)\PHP\Yii\framework\web\CWidgetFactory.php(146): YiiBase::import('application.ext...', true)
#1 C:\Program Files (x86)\PHP\Yii\framework\web\CBaseController.php(146): CWidgetFactory->createWidget(Object(DataSetController), 'application.ext...', Array)
#2 C:\Program Files (x86)\PHP\Yii\framework\web\CBaseController.php(172): CBaseController->createWidget('application.ext...', Array)
#3 C:\xampp\htdocs\dash\metadash\protected\views\dataSet\_form.php(103): CBaseController->widget('application.ext...', Array)
#4 C:\Program Files (x86)\PHP\Yii\framework\web\CBaseController.php(126): require('C:\xampp\htdocs...')
#5 C:\Program Files (x86)\PHP\Yii\framework\web\CBaseController.php(95): CBaseController->renderInternal('C:\xampp\htdocs...', Array, true)
#6 C:\Program Files (x86)\PHP\Yii\framework\web\CController.php(869): CBaseController->renderFile('C:\xampp\htdocs...', Array, true)
#7 C:\xampp\htdocs\dash\metadash\protected\views\dataSet\update.php(22): CController->renderPartial('_form', Array)
#8 C:\Program Files (x86)\PHP\Yii\framework\web\CBaseController.php(126): require('C:\xampp\htdocs...')
#9 C:\Program Files (x86)\PHP\Yii\framework\web\CBaseController.php(95): CBaseController->renderInternal('C:\xampp\htdocs...', Array, true)
#10 C:\Program Files (x86)\PHP\Yii\framework\web\CController.php(869): CBaseController->renderFile('C:\xampp\htdocs...', Array, true)
#11 C:\Program Files (x86)\PHP\Yii\framework\web\CController.php(782): CController->renderPartial('update', Array, true)
#12 C:\xampp\htdocs\dash\metadash\protected\controllers\DataSetController.php(103): CController->render('update', Array)
#13 [internal function]: DataSetController->actionUpdate('1')
#14 C:\Program Files (x86)\PHP\Yii\framework\web\actions\CAction.php(108): ReflectionMethod->invokeArgs(Object(DataSetController), Array)
#15 C:\Program Files (x86)\PHP\Yii\framework\web\actions\CInlineAction.php(47): CAction->runWithParamsInternal(Object(DataSetController), Object(ReflectionMethod), Array)
#16 C:\Program Files (x86)\PHP\Yii\framework\web\CController.php(308): CInlineAction->runWithParams(Array)
#17 C:\Program Files (x86)\PHP\Yii\framework\web\filters\CFilterChain.php(133): CController->runAction(Object(CInlineAction))
#18 C:\Program Files (x86)\PHP\Yii\framework\web\filters\CFilter.php(40): CFilterChain->run()
#19 C:\Program Files (x86)\PHP\Yii\framework\web\CController.php(1145): CFilter->filter(Object(CFilterChain))
#20 C:\Program Files (x86)\PHP\Yii\framework\web\filters\CInlineFilter.php(58): CController->filterAccessControl(Object(CFilterChain))
#21 C:\Program Files (x86)\PHP\Yii\framework\web\filters\CFilterChain.php(130): CInlineFilter->filter(Object(CFilterChain))
#22 C:\Program Files (x86)\PHP\Yii\framework\web\CController.php(291): CFilterChain->run()
#23 C:\Program Files (x86)\PHP\Yii\framework\web\CController.php(265): CController->runActionWithFilters(Object(CInlineAction), Array)
#24 C:\Program Files (x86)\PHP\Yii\framework\web\CWebApplication.php(282): CController->run('update')
#25 C:\Program Files (x86)\PHP\Yii\framework\web\CWebApplication.php(141): CWebApplication->runController('dataSet/update')
#26 C:\Program Files (x86)\PHP\Yii\framework\base\CApplication.php(180): CWebApplication->processRequest()
#27 C:\xampp\htdocs\dash\metadash\index.php(13): CApplication->run()
#28 {main}
REQUEST_URI=/dash/metadash/index.php?r=dataSet/update&id=1
HTTP_REFERER=http://localhost:81/dash/metadash/index.php?r=dataSet/view&id=1
---
