2014/03/18 16:21:09 [error] [exception.CDbException] exception 'CDbException' with message 'CDbConnection failed to open the DB connection: SQLSTATE[HY000] [1045] Access denied for user 'mate2'@'localhost' (using password: YES)' in C:\Program Files (x86)\PHP\Yii\framework\db\CDbConnection.php:382
Stack trace:
#0 C:\Program Files (x86)\PHP\Yii\framework\db\CDbConnection.php(330): CDbConnection->open()
#1 C:\Program Files (x86)\PHP\Yii\framework\db\CDbConnection.php(308): CDbConnection->setActive(true)
#2 C:\Program Files (x86)\PHP\Yii\framework\base\CModule.php(387): CDbConnection->init()
#3 C:\Program Files (x86)\PHP\Yii\framework\base\CModule.php(103): CModule->getComponent('db')
#4 C:\Program Files (x86)\PHP\Yii\framework\gii\generators\model\ModelCode.php(60): CModule->__get('db')
#5 C:\Program Files (x86)\PHP\Yii\framework\web\CFormModel.php(39): ModelCode->init()
#6 C:\Program Files (x86)\PHP\Yii\framework\gii\CCodeGenerator.php(153): CFormModel->__construct()
#7 C:\Program Files (x86)\PHP\Yii\framework\gii\CCodeGenerator.php(63): CCodeGenerator->prepare()
#8 C:\Program Files (x86)\PHP\Yii\framework\web\actions\CInlineAction.php(49): CCodeGenerator->actionIndex()
#9 C:\Program Files (x86)\PHP\Yii\framework\web\CController.php(308): CInlineAction->runWithParams(Array)
#10 C:\Program Files (x86)\PHP\Yii\framework\web\CController.php(286): CController->runAction(Object(CInlineAction))
#11 C:\Program Files (x86)\PHP\Yii\framework\web\CController.php(265): CController->runActionWithFilters(Object(CInlineAction), Array)
#12 C:\Program Files (x86)\PHP\Yii\framework\web\CWebApplication.php(282): CController->run('index')
#13 C:\Program Files (x86)\PHP\Yii\framework\web\CWebApplication.php(141): CWebApplication->runController('gii/model/index')
#14 C:\Program Files (x86)\PHP\Yii\framework\base\CApplication.php(180): CWebApplication->processRequest()
#15 C:\xampp\htdocs\metalicious2y\index.php(13): CApplication->run()
#16 {main}
REQUEST_URI=/metalicious2y/index.php?r=gii/model/index
HTTP_REFERER=http://localhost:81/metalicious2y/index.php?r=gii/default/index
---
2014/03/18 19:49:50 [error] [system.db.CDbCommand] CDbCommand::fetchColumn() failed: SQLSTATE[42S22]: Column not found: 1054 Unknown column 'Database_ID' in 'where clause'. The SQL statement executed was: SELECT COUNT(*) FROM `tables` `t` WHERE Database_ID=:Database_Id.
in C:\xampp\htdocs\metalicious2y\protected\views\databases\view.php (50)
in C:\xampp\htdocs\metalicious2y\protected\controllers\DatabasesController.php (69)
in C:\xampp\htdocs\metalicious2y\index.php (13)
2014/03/18 19:49:50 [error] [exception.CDbException] exception 'CDbException' with message 'CDbCommand failed to execute the SQL statement: SQLSTATE[42S22]: Column not found: 1054 Unknown column 'Database_ID' in 'where clause'. The SQL statement executed was: SELECT COUNT(*) FROM `tables` `t` WHERE Database_ID=:Database_Id' in C:\Program Files (x86)\PHP\Yii\framework\db\CDbCommand.php:543
Stack trace:
#0 C:\Program Files (x86)\PHP\Yii\framework\db\CDbCommand.php(433): CDbCommand->queryInternal('fetchColumn', 0, Array)
#1 C:\Program Files (x86)\PHP\Yii\framework\db\ar\CActiveRecord.php(1601): CDbCommand->queryScalar()
#2 C:\Program Files (x86)\PHP\Yii\framework\web\CActiveDataProvider.php(228): CActiveRecord->count(Object(CDbCriteria))
#3 C:\Program Files (x86)\PHP\Yii\framework\web\CDataProvider.php(224): CActiveDataProvider->calculateTotalItemCount()
#4 C:\Program Files (x86)\PHP\Yii\framework\web\CActiveDataProvider.php(178): CDataProvider->getTotalItemCount()
#5 C:\Program Files (x86)\PHP\Yii\framework\web\CDataProvider.php(168): CActiveDataProvider->fetchData()
#6 C:\Program Files (x86)\PHP\Yii\framework\zii\widgets\CBaseListView.php(111): CDataProvider->getData()
#7 C:\Program Files (x86)\PHP\Yii\framework\zii\widgets\CListView.php(211): CBaseListView->init()
#8 C:\Program Files (x86)\PHP\Yii\framework\web\CBaseController.php(147): CListView->init()
#9 C:\Program Files (x86)\PHP\Yii\framework\web\CBaseController.php(172): CBaseController->createWidget('zii.widgets.CLi...', Array)
#10 C:\xampp\htdocs\metalicious2y\protected\views\databases\view.php(50): CBaseController->widget('zii.widgets.CLi...', Array)
#11 C:\Program Files (x86)\PHP\Yii\framework\web\CBaseController.php(126): require('C:\xampp\htdocs...')
#12 C:\Program Files (x86)\PHP\Yii\framework\web\CBaseController.php(95): CBaseController->renderInternal('C:\xampp\htdocs...', Array, true)
#13 C:\Program Files (x86)\PHP\Yii\framework\web\CController.php(869): CBaseController->renderFile('C:\xampp\htdocs...', Array, true)
#14 C:\Program Files (x86)\PHP\Yii\framework\web\CController.php(782): CController->renderPartial('view', Array, true)
#15 C:\xampp\htdocs\metalicious2y\protected\controllers\DatabasesController.php(69): CController->render('view', Array)
#16 [internal function]: DatabasesController->actionView('48')
#17 C:\Program Files (x86)\PHP\Yii\framework\web\actions\CAction.php(108): ReflectionMethod->invokeArgs(Object(DatabasesController), Array)
#18 C:\Program Files (x86)\PHP\Yii\framework\web\actions\CInlineAction.php(47): CAction->runWithParamsInternal(Object(DatabasesController), Object(ReflectionMethod), Array)
#19 C:\Program Files (x86)\PHP\Yii\framework\web\CController.php(308): CInlineAction->runWithParams(Array)
#20 C:\Program Files (x86)\PHP\Yii\framework\web\filters\CFilterChain.php(133): CController->runAction(Object(CInlineAction))
#21 C:\Program Files (x86)\PHP\Yii\framework\web\filters\CFilter.php(40): CFilterChain->run()
#22 C:\Program Files (x86)\PHP\Yii\framework\web\CController.php(1145): CFilter->filter(Object(CFilterChain))
#23 C:\Program Files (x86)\PHP\Yii\framework\web\filters\CInlineFilter.php(58): CController->filterAccessControl(Object(CFilterChain))
#24 C:\Program Files (x86)\PHP\Yii\framework\web\filters\CFilterChain.php(130): CInlineFilter->filter(Object(CFilterChain))
#25 C:\Program Files (x86)\PHP\Yii\framework\web\CController.php(291): CFilterChain->run()
#26 C:\Program Files (x86)\PHP\Yii\framework\web\CController.php(265): CController->runActionWithFilters(Object(CInlineAction), Array)
#27 C:\Program Files (x86)\PHP\Yii\framework\web\CWebApplication.php(282): CController->run('view')
#28 C:\Program Files (x86)\PHP\Yii\framework\web\CWebApplication.php(141): CWebApplication->runController('databases/view')
#29 C:\Program Files (x86)\PHP\Yii\framework\base\CApplication.php(180): CWebApplication->processRequest()
#30 C:\xampp\htdocs\metalicious2y\index.php(13): CApplication->run()
#31 {main}
REQUEST_URI=/metalicious2y/index.php?r=databases/view&id=48
HTTP_REFERER=http://localhost:81/metalicious2y/index.php?r=databases
---
2014/03/18 20:54:30 [error] [exception.CHttpException.404] exception 'CHttpException' with message 'The requested page does not exist.' in C:\xampp\htdocs\metalicious2y\protected\controllers\DatabasesController.php:170
Stack trace:
#0 C:\xampp\htdocs\metalicious2y\protected\controllers\DatabasesController.php(58): DatabasesController->loadModel('2263')
#1 [internal function]: DatabasesController->actionView('2263')
#2 C:\Program Files (x86)\PHP\Yii\framework\web\actions\CAction.php(108): ReflectionMethod->invokeArgs(Object(DatabasesController), Array)
#3 C:\Program Files (x86)\PHP\Yii\framework\web\actions\CInlineAction.php(47): CAction->runWithParamsInternal(Object(DatabasesController), Object(ReflectionMethod), Array)
#4 C:\Program Files (x86)\PHP\Yii\framework\web\CController.php(308): CInlineAction->runWithParams(Array)
#5 C:\Program Files (x86)\PHP\Yii\framework\web\filters\CFilterChain.php(133): CController->runAction(Object(CInlineAction))
#6 C:\Program Files (x86)\PHP\Yii\framework\web\filters\CFilter.php(40): CFilterChain->run()
#7 C:\Program Files (x86)\PHP\Yii\framework\web\CController.php(1145): CFilter->filter(Object(CFilterChain))
#8 C:\Program Files (x86)\PHP\Yii\framework\web\filters\CInlineFilter.php(58): CController->filterAccessControl(Object(CFilterChain))
#9 C:\Program Files (x86)\PHP\Yii\framework\web\filters\CFilterChain.php(130): CInlineFilter->filter(Object(CFilterChain))
#10 C:\Program Files (x86)\PHP\Yii\framework\web\CController.php(291): CFilterChain->run()
#11 C:\Program Files (x86)\PHP\Yii\framework\web\CController.php(265): CController->runActionWithFilters(Object(CInlineAction), Array)
#12 C:\Program Files (x86)\PHP\Yii\framework\web\CWebApplication.php(282): CController->run('view')
#13 C:\Program Files (x86)\PHP\Yii\framework\web\CWebApplication.php(141): CWebApplication->runController('databases/view')
#14 C:\Program Files (x86)\PHP\Yii\framework\base\CApplication.php(180): CWebApplication->processRequest()
#15 C:\xampp\htdocs\metalicious2y\index.php(13): CApplication->run()
#16 {main}
REQUEST_URI=/metalicious2y/index.php?r=databases/view&id=2263
HTTP_REFERER=http://localhost:81/metalicious2y/index.php?r=databases/view&id=61
---
2014/03/18 20:59:37 [error] [exception.CHttpException.404] exception 'CHttpException' with message 'The requested page does not exist.' in C:\xampp\htdocs\metalicious2y\protected\controllers\DatabasesController.php:170
Stack trace:
#0 C:\xampp\htdocs\metalicious2y\protected\controllers\DatabasesController.php(58): DatabasesController->loadModel('2261')
#1 [internal function]: DatabasesController->actionView('2261')
#2 C:\Program Files (x86)\PHP\Yii\framework\web\actions\CAction.php(108): ReflectionMethod->invokeArgs(Object(DatabasesController), Array)
#3 C:\Program Files (x86)\PHP\Yii\framework\web\actions\CInlineAction.php(47): CAction->runWithParamsInternal(Object(DatabasesController), Object(ReflectionMethod), Array)
#4 C:\Program Files (x86)\PHP\Yii\framework\web\CController.php(308): CInlineAction->runWithParams(Array)
#5 C:\Program Files (x86)\PHP\Yii\framework\web\filters\CFilterChain.php(133): CController->runAction(Object(CInlineAction))
#6 C:\Program Files (x86)\PHP\Yii\framework\web\filters\CFilter.php(40): CFilterChain->run()
#7 C:\Program Files (x86)\PHP\Yii\framework\web\CController.php(1145): CFilter->filter(Object(CFilterChain))
#8 C:\Program Files (x86)\PHP\Yii\framework\web\filters\CInlineFilter.php(58): CController->filterAccessControl(Object(CFilterChain))
#9 C:\Program Files (x86)\PHP\Yii\framework\web\filters\CFilterChain.php(130): CInlineFilter->filter(Object(CFilterChain))
#10 C:\Program Files (x86)\PHP\Yii\framework\web\CController.php(291): CFilterChain->run()
#11 C:\Program Files (x86)\PHP\Yii\framework\web\CController.php(265): CController->runActionWithFilters(Object(CInlineAction), Array)
#12 C:\Program Files (x86)\PHP\Yii\framework\web\CWebApplication.php(282): CController->run('view')
#13 C:\Program Files (x86)\PHP\Yii\framework\web\CWebApplication.php(141): CWebApplication->runController('databases/view')
#14 C:\Program Files (x86)\PHP\Yii\framework\base\CApplication.php(180): CWebApplication->processRequest()
#15 C:\xampp\htdocs\metalicious2y\index.php(13): CApplication->run()
#16 {main}
REQUEST_URI=/metalicious2y/index.php?r=databases/view&id=2261
HTTP_REFERER=http://localhost:81/metalicious2y/index.php?r=databases/view&id=61
---
2014/03/18 20:59:45 [error] [exception.CHttpException.404] exception 'CHttpException' with message 'The requested page does not exist.' in C:\xampp\htdocs\metalicious2y\protected\controllers\DatabasesController.php:170
Stack trace:
#0 C:\xampp\htdocs\metalicious2y\protected\controllers\DatabasesController.php(58): DatabasesController->loadModel('2260')
#1 [internal function]: DatabasesController->actionView('2260')
#2 C:\Program Files (x86)\PHP\Yii\framework\web\actions\CAction.php(108): ReflectionMethod->invokeArgs(Object(DatabasesController), Array)
#3 C:\Program Files (x86)\PHP\Yii\framework\web\actions\CInlineAction.php(47): CAction->runWithParamsInternal(Object(DatabasesController), Object(ReflectionMethod), Array)
#4 C:\Program Files (x86)\PHP\Yii\framework\web\CController.php(308): CInlineAction->runWithParams(Array)
#5 C:\Program Files (x86)\PHP\Yii\framework\web\filters\CFilterChain.php(133): CController->runAction(Object(CInlineAction))
#6 C:\Program Files (x86)\PHP\Yii\framework\web\filters\CFilter.php(40): CFilterChain->run()
#7 C:\Program Files (x86)\PHP\Yii\framework\web\CController.php(1145): CFilter->filter(Object(CFilterChain))
#8 C:\Program Files (x86)\PHP\Yii\framework\web\filters\CInlineFilter.php(58): CController->filterAccessControl(Object(CFilterChain))
#9 C:\Program Files (x86)\PHP\Yii\framework\web\filters\CFilterChain.php(130): CInlineFilter->filter(Object(CFilterChain))
#10 C:\Program Files (x86)\PHP\Yii\framework\web\CController.php(291): CFilterChain->run()
#11 C:\Program Files (x86)\PHP\Yii\framework\web\CController.php(265): CController->runActionWithFilters(Object(CInlineAction), Array)
#12 C:\Program Files (x86)\PHP\Yii\framework\web\CWebApplication.php(282): CController->run('view')
#13 C:\Program Files (x86)\PHP\Yii\framework\web\CWebApplication.php(141): CWebApplication->runController('databases/view')
#14 C:\Program Files (x86)\PHP\Yii\framework\base\CApplication.php(180): CWebApplication->processRequest()
#15 C:\xampp\htdocs\metalicious2y\index.php(13): CApplication->run()
#16 {main}
REQUEST_URI=/metalicious2y/index.php?r=databases/view&id=2260
HTTP_REFERER=http://localhost:81/metalicious2y/index.php?r=databases/view&id=61
---
2014/03/18 21:15:30 [error] [php] Undefined variable: data_t (C:\xampp\htdocs\metalicious2y\protected\views\tables\_child_view.php:24)
Stack trace:
#0 C:\Program Files (x86)\PHP\Yii\framework\zii\widgets\CListView.php(291): DatabasesController->renderFile()
#1 C:\Program Files (x86)\PHP\Yii\framework\zii\widgets\CBaseListView.php(167): CListView->renderItems()
#2 unknown(0): CListView->renderSection()
#3 C:\Program Files (x86)\PHP\Yii\framework\zii\widgets\CBaseListView.php(150): preg_replace_callback()
#4 C:\Program Files (x86)\PHP\Yii\framework\zii\widgets\CBaseListView.php(135): CListView->renderContent()
#5 C:\Program Files (x86)\PHP\Yii\framework\web\CBaseController.php(173): CListView->run()
#6 C:\xampp\htdocs\metalicious2y\protected\views\databases\view.php(50): DatabasesController->widget()
#7 C:\Program Files (x86)\PHP\Yii\framework\web\CBaseController.php(126): require()
#8 C:\Program Files (x86)\PHP\Yii\framework\web\CBaseController.php(95): DatabasesController->renderInternal()
#9 C:\Program Files (x86)\PHP\Yii\framework\web\CController.php(869): DatabasesController->renderFile()
#10 C:\Program Files (x86)\PHP\Yii\framework\web\CController.php(782): DatabasesController->renderPartial()
#11 C:\xampp\htdocs\metalicious2y\protected\controllers\DatabasesController.php(69): DatabasesController->render()
#12 unknown(0): DatabasesController->actionView()
#13 C:\Program Files (x86)\PHP\Yii\framework\web\actions\CAction.php(108): ReflectionMethod->invokeArgs()
#14 C:\Program Files (x86)\PHP\Yii\framework\web\actions\CInlineAction.php(47): CInlineAction->runWithParamsInternal()
#15 C:\Program Files (x86)\PHP\Yii\framework\web\CController.php(308): CInlineAction->runWithParams()
#16 C:\Program Files (x86)\PHP\Yii\framework\web\filters\CFilterChain.php(133): DatabasesController->runAction()
#17 C:\Program Files (x86)\PHP\Yii\framework\web\filters\CFilter.php(40): CFilterChain->run()
#18 C:\Program Files (x86)\PHP\Yii\framework\web\CController.php(1145): CAccessControlFilter->filter()
#19 C:\Program Files (x86)\PHP\Yii\framework\web\filters\CInlineFilter.php(58): DatabasesController->filterAccessControl()
#20 C:\Program Files (x86)\PHP\Yii\framework\web\filters\CFilterChain.php(130): CInlineFilter->filter()
#21 C:\Program Files (x86)\PHP\Yii\framework\web\CController.php(291): CFilterChain->run()
#22 C:\Program Files (x86)\PHP\Yii\framework\web\CController.php(265): DatabasesController->runActionWithFilters()
#23 C:\Program Files (x86)\PHP\Yii\framework\web\CWebApplication.php(282): DatabasesController->run()
#24 C:\Program Files (x86)\PHP\Yii\framework\web\CWebApplication.php(141): CWebApplication->runController()
#25 C:\Program Files (x86)\PHP\Yii\framework\base\CApplication.php(180): CWebApplication->processRequest()
#26 C:\xampp\htdocs\metalicious2y\index.php(13): CWebApplication->run()
REQUEST_URI=/metalicious2y/index.php?r=databases/view&id=61
in C:\xampp\htdocs\metalicious2y\protected\views\tables\_child_view.php (24)
in C:\xampp\htdocs\metalicious2y\protected\views\databases\view.php (50)
in C:\xampp\htdocs\metalicious2y\protected\controllers\DatabasesController.php (69)
2014/03/18 21:21:29 [error] [php] Undefined variable: tableDataProvider (C:\xampp\htdocs\metalicious2y\protected\views\tables\_child_view.php:26)
Stack trace:
#0 C:\Program Files (x86)\PHP\Yii\framework\zii\widgets\CListView.php(291): DatabasesController->renderFile()
#1 C:\Program Files (x86)\PHP\Yii\framework\zii\widgets\CBaseListView.php(167): CListView->renderItems()
#2 unknown(0): CListView->renderSection()
#3 C:\Program Files (x86)\PHP\Yii\framework\zii\widgets\CBaseListView.php(150): preg_replace_callback()
#4 C:\Program Files (x86)\PHP\Yii\framework\zii\widgets\CBaseListView.php(135): CListView->renderContent()
#5 C:\Program Files (x86)\PHP\Yii\framework\web\CBaseController.php(173): CListView->run()
#6 C:\xampp\htdocs\metalicious2y\protected\views\databases\view.php(50): DatabasesController->widget()
#7 C:\Program Files (x86)\PHP\Yii\framework\web\CBaseController.php(126): require()
#8 C:\Program Files (x86)\PHP\Yii\framework\web\CBaseController.php(95): DatabasesController->renderInternal()
#9 C:\Program Files (x86)\PHP\Yii\framework\web\CController.php(869): DatabasesController->renderFile()
#10 C:\Program Files (x86)\PHP\Yii\framework\web\CController.php(782): DatabasesController->renderPartial()
#11 C:\xampp\htdocs\metalicious2y\protected\controllers\DatabasesController.php(69): DatabasesController->render()
#12 unknown(0): DatabasesController->actionView()
#13 C:\Program Files (x86)\PHP\Yii\framework\web\actions\CAction.php(108): ReflectionMethod->invokeArgs()
#14 C:\Program Files (x86)\PHP\Yii\framework\web\actions\CInlineAction.php(47): CInlineAction->runWithParamsInternal()
#15 C:\Program Files (x86)\PHP\Yii\framework\web\CController.php(308): CInlineAction->runWithParams()
#16 C:\Program Files (x86)\PHP\Yii\framework\web\filters\CFilterChain.php(133): DatabasesController->runAction()
#17 C:\Program Files (x86)\PHP\Yii\framework\web\filters\CFilter.php(40): CFilterChain->run()
#18 C:\Program Files (x86)\PHP\Yii\framework\web\CController.php(1145): CAccessControlFilter->filter()
#19 C:\Program Files (x86)\PHP\Yii\framework\web\filters\CInlineFilter.php(58): DatabasesController->filterAccessControl()
#20 C:\Program Files (x86)\PHP\Yii\framework\web\filters\CFilterChain.php(130): CInlineFilter->filter()
#21 C:\Program Files (x86)\PHP\Yii\framework\web\CController.php(291): CFilterChain->run()
#22 C:\Program Files (x86)\PHP\Yii\framework\web\CController.php(265): DatabasesController->runActionWithFilters()
#23 C:\Program Files (x86)\PHP\Yii\framework\web\CWebApplication.php(282): DatabasesController->run()
#24 C:\Program Files (x86)\PHP\Yii\framework\web\CWebApplication.php(141): CWebApplication->runController()
#25 C:\Program Files (x86)\PHP\Yii\framework\base\CApplication.php(180): CWebApplication->processRequest()
#26 C:\xampp\htdocs\metalicious2y\index.php(13): CWebApplication->run()
REQUEST_URI=/metalicious2y/index.php?r=databases/view&id=61
in C:\xampp\htdocs\metalicious2y\protected\views\tables\_child_view.php (26)
in C:\xampp\htdocs\metalicious2y\protected\views\databases\view.php (50)
in C:\xampp\htdocs\metalicious2y\protected\controllers\DatabasesController.php (69)
2014/03/18 22:02:15 [error] [exception.CException] exception 'CException' with message 'Property "Variables.Table_Id" is not defined.' in C:\Program Files (x86)\PHP\Yii\framework\base\CComponent.php:130
Stack trace:
#0 C:\Program Files (x86)\PHP\Yii\framework\db\ar\CActiveRecord.php(145): CComponent->__get('Table_Id')
#1 C:\xampp\htdocs\metalicious2y\protected\views\variables\_view.php(31): CActiveRecord->__get('Table_Id')
#2 C:\Program Files (x86)\PHP\Yii\framework\web\CBaseController.php(130): require('C:\xampp\htdocs...')
#3 C:\Program Files (x86)\PHP\Yii\framework\web\CBaseController.php(95): CBaseController->renderInternal('C:\xampp\htdocs...', Array, false)
#4 C:\Program Files (x86)\PHP\Yii\framework\zii\widgets\CListView.php(291): CBaseController->renderFile('C:\xampp\htdocs...', Array)
#5 C:\Program Files (x86)\PHP\Yii\framework\zii\widgets\CBaseListView.php(167): CListView->renderItems()
#6 [internal function]: CBaseListView->renderSection(Array)
#7 C:\Program Files (x86)\PHP\Yii\framework\zii\widgets\CBaseListView.php(150): preg_replace_callback('/{(\w+)}/', Array, '{summary}?{sort...')
#8 C:\Program Files (x86)\PHP\Yii\framework\zii\widgets\CBaseListView.php(135): CBaseListView->renderContent()
#9 C:\Program Files (x86)\PHP\Yii\framework\web\CBaseController.php(173): CBaseListView->run()
#10 C:\xampp\htdocs\metalicious2y\protected\views\variables\index.php(20): CBaseController->widget('zii.widgets.CLi...', Array)
#11 C:\Program Files (x86)\PHP\Yii\framework\web\CBaseController.php(126): require('C:\xampp\htdocs...')
#12 C:\Program Files (x86)\PHP\Yii\framework\web\CBaseController.php(95): CBaseController->renderInternal('C:\xampp\htdocs...', Array, true)
#13 C:\Program Files (x86)\PHP\Yii\framework\web\CController.php(869): CBaseController->renderFile('C:\xampp\htdocs...', Array, true)
#14 C:\Program Files (x86)\PHP\Yii\framework\web\CController.php(782): CController->renderPartial('index', Array, true)
#15 C:\xampp\htdocs\metalicious2y\protected\controllers\VariablesController.php(128): CController->render('index', Array)
#16 C:\Program Files (x86)\PHP\Yii\framework\web\actions\CInlineAction.php(49): VariablesController->actionIndex()
#17 C:\Program Files (x86)\PHP\Yii\framework\web\CController.php(308): CInlineAction->runWithParams(Array)
#18 C:\Program Files (x86)\PHP\Yii\framework\web\filters\CFilterChain.php(133): CController->runAction(Object(CInlineAction))
#19 C:\Program Files (x86)\PHP\Yii\framework\web\filters\CFilter.php(40): CFilterChain->run()
#20 C:\Program Files (x86)\PHP\Yii\framework\web\CController.php(1145): CFilter->filter(Object(CFilterChain))
#21 C:\Program Files (x86)\PHP\Yii\framework\web\filters\CInlineFilter.php(58): CController->filterAccessControl(Object(CFilterChain))
#22 C:\Program Files (x86)\PHP\Yii\framework\web\filters\CFilterChain.php(130): CInlineFilter->filter(Object(CFilterChain))
#23 C:\Program Files (x86)\PHP\Yii\framework\web\CController.php(291): CFilterChain->run()
#24 C:\Program Files (x86)\PHP\Yii\framework\web\CController.php(265): CController->runActionWithFilters(Object(CInlineAction), Array)
#25 C:\Program Files (x86)\PHP\Yii\framework\web\CWebApplication.php(282): CController->run('')
#26 C:\Program Files (x86)\PHP\Yii\framework\web\CWebApplication.php(141): CWebApplication->runController('variables')
#27 C:\Program Files (x86)\PHP\Yii\framework\base\CApplication.php(180): CWebApplication->processRequest()
#28 C:\xampp\htdocs\metalicious2y\index.php(13): CApplication->run()
#29 {main}
REQUEST_URI=/metalicious2y/index.php?r=variables
---
2014/03/18 22:03:38 [error] [exception.CException] exception 'CException' with message 'Property "Variables.Table_Id" is not defined.' in C:\Program Files (x86)\PHP\Yii\framework\base\CComponent.php:130
Stack trace:
#0 C:\Program Files (x86)\PHP\Yii\framework\db\ar\CActiveRecord.php(145): CComponent->__get('Table_Id')
#1 C:\xampp\htdocs\metalicious2y\protected\views\variables\_view.php(31): CActiveRecord->__get('Table_Id')
#2 C:\Program Files (x86)\PHP\Yii\framework\web\CBaseController.php(130): require('C:\xampp\htdocs...')
#3 C:\Program Files (x86)\PHP\Yii\framework\web\CBaseController.php(95): CBaseController->renderInternal('C:\xampp\htdocs...', Array, false)
#4 C:\Program Files (x86)\PHP\Yii\framework\zii\widgets\CListView.php(291): CBaseController->renderFile('C:\xampp\htdocs...', Array)
#5 C:\Program Files (x86)\PHP\Yii\framework\zii\widgets\CBaseListView.php(167): CListView->renderItems()
#6 [internal function]: CBaseListView->renderSection(Array)
#7 C:\Program Files (x86)\PHP\Yii\framework\zii\widgets\CBaseListView.php(150): preg_replace_callback('/{(\w+)}/', Array, '{summary}?{sort...')
#8 C:\Program Files (x86)\PHP\Yii\framework\zii\widgets\CBaseListView.php(135): CBaseListView->renderContent()
#9 C:\Program Files (x86)\PHP\Yii\framework\web\CBaseController.php(173): CBaseListView->run()
#10 C:\xampp\htdocs\metalicious2y\protected\views\variables\index.php(20): CBaseController->widget('zii.widgets.CLi...', Array)
#11 C:\Program Files (x86)\PHP\Yii\framework\web\CBaseController.php(126): require('C:\xampp\htdocs...')
#12 C:\Program Files (x86)\PHP\Yii\framework\web\CBaseController.php(95): CBaseController->renderInternal('C:\xampp\htdocs...', Array, true)
#13 C:\Program Files (x86)\PHP\Yii\framework\web\CController.php(869): CBaseController->renderFile('C:\xampp\htdocs...', Array, true)
#14 C:\Program Files (x86)\PHP\Yii\framework\web\CController.php(782): CController->renderPartial('index', Array, true)
#15 C:\xampp\htdocs\metalicious2y\protected\controllers\VariablesController.php(128): CController->render('index', Array)
#16 C:\Program Files (x86)\PHP\Yii\framework\web\actions\CInlineAction.php(49): VariablesController->actionIndex()
#17 C:\Program Files (x86)\PHP\Yii\framework\web\CController.php(308): CInlineAction->runWithParams(Array)
#18 C:\Program Files (x86)\PHP\Yii\framework\web\filters\CFilterChain.php(133): CController->runAction(Object(CInlineAction))
#19 C:\Program Files (x86)\PHP\Yii\framework\web\filters\CFilter.php(40): CFilterChain->run()
#20 C:\Program Files (x86)\PHP\Yii\framework\web\CController.php(1145): CFilter->filter(Object(CFilterChain))
#21 C:\Program Files (x86)\PHP\Yii\framework\web\filters\CInlineFilter.php(58): CController->filterAccessControl(Object(CFilterChain))
#22 C:\Program Files (x86)\PHP\Yii\framework\web\filters\CFilterChain.php(130): CInlineFilter->filter(Object(CFilterChain))
#23 C:\Program Files (x86)\PHP\Yii\framework\web\CController.php(291): CFilterChain->run()
#24 C:\Program Files (x86)\PHP\Yii\framework\web\CController.php(265): CController->runActionWithFilters(Object(CInlineAction), Array)
#25 C:\Program Files (x86)\PHP\Yii\framework\web\CWebApplication.php(282): CController->run('')
#26 C:\Program Files (x86)\PHP\Yii\framework\web\CWebApplication.php(141): CWebApplication->runController('variables')
#27 C:\Program Files (x86)\PHP\Yii\framework\base\CApplication.php(180): CWebApplication->processRequest()
#28 C:\xampp\htdocs\metalicious2y\index.php(13): CApplication->run()
#29 {main}
REQUEST_URI=/metalicious2y/index.php?r=variables
---
2014/03/18 22:03:41 [error] [exception.CException] exception 'CException' with message 'Property "Variables.Table_Id" is not defined.' in C:\Program Files (x86)\PHP\Yii\framework\base\CComponent.php:130
Stack trace:
#0 C:\Program Files (x86)\PHP\Yii\framework\db\ar\CActiveRecord.php(145): CComponent->__get('Table_Id')
#1 C:\xampp\htdocs\metalicious2y\protected\views\variables\_view.php(31): CActiveRecord->__get('Table_Id')
#2 C:\Program Files (x86)\PHP\Yii\framework\web\CBaseController.php(130): require('C:\xampp\htdocs...')
#3 C:\Program Files (x86)\PHP\Yii\framework\web\CBaseController.php(95): CBaseController->renderInternal('C:\xampp\htdocs...', Array, false)
#4 C:\Program Files (x86)\PHP\Yii\framework\zii\widgets\CListView.php(291): CBaseController->renderFile('C:\xampp\htdocs...', Array)
#5 C:\Program Files (x86)\PHP\Yii\framework\zii\widgets\CBaseListView.php(167): CListView->renderItems()
#6 [internal function]: CBaseListView->renderSection(Array)
#7 C:\Program Files (x86)\PHP\Yii\framework\zii\widgets\CBaseListView.php(150): preg_replace_callback('/{(\w+)}/', Array, '{summary}?{sort...')
#8 C:\Program Files (x86)\PHP\Yii\framework\zii\widgets\CBaseListView.php(135): CBaseListView->renderContent()
#9 C:\Program Files (x86)\PHP\Yii\framework\web\CBaseController.php(173): CBaseListView->run()
#10 C:\xampp\htdocs\metalicious2y\protected\views\variables\index.php(20): CBaseController->widget('zii.widgets.CLi...', Array)
#11 C:\Program Files (x86)\PHP\Yii\framework\web\CBaseController.php(126): require('C:\xampp\htdocs...')
#12 C:\Program Files (x86)\PHP\Yii\framework\web\CBaseController.php(95): CBaseController->renderInternal('C:\xampp\htdocs...', Array, true)
#13 C:\Program Files (x86)\PHP\Yii\framework\web\CController.php(869): CBaseController->renderFile('C:\xampp\htdocs...', Array, true)
#14 C:\Program Files (x86)\PHP\Yii\framework\web\CController.php(782): CController->renderPartial('index', Array, true)
#15 C:\xampp\htdocs\metalicious2y\protected\controllers\VariablesController.php(128): CController->render('index', Array)
#16 C:\Program Files (x86)\PHP\Yii\framework\web\actions\CInlineAction.php(49): VariablesController->actionIndex()
#17 C:\Program Files (x86)\PHP\Yii\framework\web\CController.php(308): CInlineAction->runWithParams(Array)
#18 C:\Program Files (x86)\PHP\Yii\framework\web\filters\CFilterChain.php(133): CController->runAction(Object(CInlineAction))
#19 C:\Program Files (x86)\PHP\Yii\framework\web\filters\CFilter.php(40): CFilterChain->run()
#20 C:\Program Files (x86)\PHP\Yii\framework\web\CController.php(1145): CFilter->filter(Object(CFilterChain))
#21 C:\Program Files (x86)\PHP\Yii\framework\web\filters\CInlineFilter.php(58): CController->filterAccessControl(Object(CFilterChain))
#22 C:\Program Files (x86)\PHP\Yii\framework\web\filters\CFilterChain.php(130): CInlineFilter->filter(Object(CFilterChain))
#23 C:\Program Files (x86)\PHP\Yii\framework\web\CController.php(291): CFilterChain->run()
#24 C:\Program Files (x86)\PHP\Yii\framework\web\CController.php(265): CController->runActionWithFilters(Object(CInlineAction), Array)
#25 C:\Program Files (x86)\PHP\Yii\framework\web\CWebApplication.php(282): CController->run('')
#26 C:\Program Files (x86)\PHP\Yii\framework\web\CWebApplication.php(141): CWebApplication->runController('variables')
#27 C:\Program Files (x86)\PHP\Yii\framework\base\CApplication.php(180): CWebApplication->processRequest()
#28 C:\xampp\htdocs\metalicious2y\index.php(13): CApplication->run()
#29 {main}
REQUEST_URI=/metalicious2y/index.php?r=variables
---
2014/03/18 22:03:43 [error] [exception.CException] exception 'CException' with message 'Property "Variables.Table_Id" is not defined.' in C:\Program Files (x86)\PHP\Yii\framework\base\CComponent.php:130
Stack trace:
#0 C:\Program Files (x86)\PHP\Yii\framework\db\ar\CActiveRecord.php(145): CComponent->__get('Table_Id')
#1 C:\xampp\htdocs\metalicious2y\protected\views\variables\_view.php(31): CActiveRecord->__get('Table_Id')
#2 C:\Program Files (x86)\PHP\Yii\framework\web\CBaseController.php(130): require('C:\xampp\htdocs...')
#3 C:\Program Files (x86)\PHP\Yii\framework\web\CBaseController.php(95): CBaseController->renderInternal('C:\xampp\htdocs...', Array, false)
#4 C:\Program Files (x86)\PHP\Yii\framework\zii\widgets\CListView.php(291): CBaseController->renderFile('C:\xampp\htdocs...', Array)
#5 C:\Program Files (x86)\PHP\Yii\framework\zii\widgets\CBaseListView.php(167): CListView->renderItems()
#6 [internal function]: CBaseListView->renderSection(Array)
#7 C:\Program Files (x86)\PHP\Yii\framework\zii\widgets\CBaseListView.php(150): preg_replace_callback('/{(\w+)}/', Array, '{summary}?{sort...')
#8 C:\Program Files (x86)\PHP\Yii\framework\zii\widgets\CBaseListView.php(135): CBaseListView->renderContent()
#9 C:\Program Files (x86)\PHP\Yii\framework\web\CBaseController.php(173): CBaseListView->run()
#10 C:\xampp\htdocs\metalicious2y\protected\views\variables\index.php(20): CBaseController->widget('zii.widgets.CLi...', Array)
#11 C:\Program Files (x86)\PHP\Yii\framework\web\CBaseController.php(126): require('C:\xampp\htdocs...')
#12 C:\Program Files (x86)\PHP\Yii\framework\web\CBaseController.php(95): CBaseController->renderInternal('C:\xampp\htdocs...', Array, true)
#13 C:\Program Files (x86)\PHP\Yii\framework\web\CController.php(869): CBaseController->renderFile('C:\xampp\htdocs...', Array, true)
#14 C:\Program Files (x86)\PHP\Yii\framework\web\CController.php(782): CController->renderPartial('index', Array, true)
#15 C:\xampp\htdocs\metalicious2y\protected\controllers\VariablesController.php(128): CController->render('index', Array)
#16 C:\Program Files (x86)\PHP\Yii\framework\web\actions\CInlineAction.php(49): VariablesController->actionIndex()
#17 C:\Program Files (x86)\PHP\Yii\framework\web\CController.php(308): CInlineAction->runWithParams(Array)
#18 C:\Program Files (x86)\PHP\Yii\framework\web\filters\CFilterChain.php(133): CController->runAction(Object(CInlineAction))
#19 C:\Program Files (x86)\PHP\Yii\framework\web\filters\CFilter.php(40): CFilterChain->run()
#20 C:\Program Files (x86)\PHP\Yii\framework\web\CController.php(1145): CFilter->filter(Object(CFilterChain))
#21 C:\Program Files (x86)\PHP\Yii\framework\web\filters\CInlineFilter.php(58): CController->filterAccessControl(Object(CFilterChain))
#22 C:\Program Files (x86)\PHP\Yii\framework\web\filters\CFilterChain.php(130): CInlineFilter->filter(Object(CFilterChain))
#23 C:\Program Files (x86)\PHP\Yii\framework\web\CController.php(291): CFilterChain->run()
#24 C:\Program Files (x86)\PHP\Yii\framework\web\CController.php(265): CController->runActionWithFilters(Object(CInlineAction), Array)
#25 C:\Program Files (x86)\PHP\Yii\framework\web\CWebApplication.php(282): CController->run('')
#26 C:\Program Files (x86)\PHP\Yii\framework\web\CWebApplication.php(141): CWebApplication->runController('variables')
#27 C:\Program Files (x86)\PHP\Yii\framework\base\CApplication.php(180): CWebApplication->processRequest()
#28 C:\xampp\htdocs\metalicious2y\index.php(13): CApplication->run()
#29 {main}
REQUEST_URI=/metalicious2y/index.php?r=variables
---
2014/03/18 22:04:00 [error] [exception.CException] exception 'CException' with message 'Property "Variables.Table_Id" is not defined.' in C:\Program Files (x86)\PHP\Yii\framework\base\CComponent.php:130
Stack trace:
#0 C:\Program Files (x86)\PHP\Yii\framework\db\ar\CActiveRecord.php(145): CComponent->__get('Table_Id')
#1 C:\xampp\htdocs\metalicious2y\protected\views\variables\_view.php(31): CActiveRecord->__get('Table_Id')
#2 C:\Program Files (x86)\PHP\Yii\framework\web\CBaseController.php(130): require('C:\xampp\htdocs...')
#3 C:\Program Files (x86)\PHP\Yii\framework\web\CBaseController.php(95): CBaseController->renderInternal('C:\xampp\htdocs...', Array, false)
#4 C:\Program Files (x86)\PHP\Yii\framework\zii\widgets\CListView.php(291): CBaseController->renderFile('C:\xampp\htdocs...', Array)
#5 C:\Program Files (x86)\PHP\Yii\framework\zii\widgets\CBaseListView.php(167): CListView->renderItems()
#6 [internal function]: CBaseListView->renderSection(Array)
#7 C:\Program Files (x86)\PHP\Yii\framework\zii\widgets\CBaseListView.php(150): preg_replace_callback('/{(\w+)}/', Array, '{summary}?{sort...')
#8 C:\Program Files (x86)\PHP\Yii\framework\zii\widgets\CBaseListView.php(135): CBaseListView->renderContent()
#9 C:\Program Files (x86)\PHP\Yii\framework\web\CBaseController.php(173): CBaseListView->run()
#10 C:\xampp\htdocs\metalicious2y\protected\views\variables\index.php(20): CBaseController->widget('zii.widgets.CLi...', Array)
#11 C:\Program Files (x86)\PHP\Yii\framework\web\CBaseController.php(126): require('C:\xampp\htdocs...')
#12 C:\Program Files (x86)\PHP\Yii\framework\web\CBaseController.php(95): CBaseController->renderInternal('C:\xampp\htdocs...', Array, true)
#13 C:\Program Files (x86)\PHP\Yii\framework\web\CController.php(869): CBaseController->renderFile('C:\xampp\htdocs...', Array, true)
#14 C:\Program Files (x86)\PHP\Yii\framework\web\CController.php(782): CController->renderPartial('index', Array, true)
#15 C:\xampp\htdocs\metalicious2y\protected\controllers\VariablesController.php(128): CController->render('index', Array)
#16 C:\Program Files (x86)\PHP\Yii\framework\web\actions\CInlineAction.php(49): VariablesController->actionIndex()
#17 C:\Program Files (x86)\PHP\Yii\framework\web\CController.php(308): CInlineAction->runWithParams(Array)
#18 C:\Program Files (x86)\PHP\Yii\framework\web\filters\CFilterChain.php(133): CController->runAction(Object(CInlineAction))
#19 C:\Program Files (x86)\PHP\Yii\framework\web\filters\CFilter.php(40): CFilterChain->run()
#20 C:\Program Files (x86)\PHP\Yii\framework\web\CController.php(1145): CFilter->filter(Object(CFilterChain))
#21 C:\Program Files (x86)\PHP\Yii\framework\web\filters\CInlineFilter.php(58): CController->filterAccessControl(Object(CFilterChain))
#22 C:\Program Files (x86)\PHP\Yii\framework\web\filters\CFilterChain.php(130): CInlineFilter->filter(Object(CFilterChain))
#23 C:\Program Files (x86)\PHP\Yii\framework\web\CController.php(291): CFilterChain->run()
#24 C:\Program Files (x86)\PHP\Yii\framework\web\CController.php(265): CController->runActionWithFilters(Object(CInlineAction), Array)
#25 C:\Program Files (x86)\PHP\Yii\framework\web\CWebApplication.php(282): CController->run('')
#26 C:\Program Files (x86)\PHP\Yii\framework\web\CWebApplication.php(141): CWebApplication->runController('variables')
#27 C:\Program Files (x86)\PHP\Yii\framework\base\CApplication.php(180): CWebApplication->processRequest()
#28 C:\xampp\htdocs\metalicious2y\index.php(13): CApplication->run()
#29 {main}
REQUEST_URI=/metalicious2y/index.php?r=variables
---
2014/03/18 22:04:48 [error] [exception.CException] exception 'CException' with message 'Property "Variables.Table_Id" is not defined.' in C:\Program Files (x86)\PHP\Yii\framework\base\CComponent.php:130
Stack trace:
#0 C:\Program Files (x86)\PHP\Yii\framework\db\ar\CActiveRecord.php(145): CComponent->__get('Table_Id')
#1 C:\xampp\htdocs\metalicious2y\protected\views\variables\_view.php(31): CActiveRecord->__get('Table_Id')
#2 C:\Program Files (x86)\PHP\Yii\framework\web\CBaseController.php(130): require('C:\xampp\htdocs...')
#3 C:\Program Files (x86)\PHP\Yii\framework\web\CBaseController.php(95): CBaseController->renderInternal('C:\xampp\htdocs...', Array, false)
#4 C:\Program Files (x86)\PHP\Yii\framework\zii\widgets\CListView.php(291): CBaseController->renderFile('C:\xampp\htdocs...', Array)
#5 C:\Program Files (x86)\PHP\Yii\framework\zii\widgets\CBaseListView.php(167): CListView->renderItems()
#6 [internal function]: CBaseListView->renderSection(Array)
#7 C:\Program Files (x86)\PHP\Yii\framework\zii\widgets\CBaseListView.php(150): preg_replace_callback('/{(\w+)}/', Array, '{summary}?{sort...')
#8 C:\Program Files (x86)\PHP\Yii\framework\zii\widgets\CBaseListView.php(135): CBaseListView->renderContent()
#9 C:\Program Files (x86)\PHP\Yii\framework\web\CBaseController.php(173): CBaseListView->run()
#10 C:\xampp\htdocs\metalicious2y\protected\views\variables\index.php(20): CBaseController->widget('zii.widgets.CLi...', Array)
#11 C:\Program Files (x86)\PHP\Yii\framework\web\CBaseController.php(126): require('C:\xampp\htdocs...')
#12 C:\Program Files (x86)\PHP\Yii\framework\web\CBaseController.php(95): CBaseController->renderInternal('C:\xampp\htdocs...', Array, true)
#13 C:\Program Files (x86)\PHP\Yii\framework\web\CController.php(869): CBaseController->renderFile('C:\xampp\htdocs...', Array, true)
#14 C:\Program Files (x86)\PHP\Yii\framework\web\CController.php(782): CController->renderPartial('index', Array, true)
#15 C:\xampp\htdocs\metalicious2y\protected\controllers\VariablesController.php(128): CController->render('index', Array)
#16 C:\Program Files (x86)\PHP\Yii\framework\web\actions\CInlineAction.php(49): VariablesController->actionIndex()
#17 C:\Program Files (x86)\PHP\Yii\framework\web\CController.php(308): CInlineAction->runWithParams(Array)
#18 C:\Program Files (x86)\PHP\Yii\framework\web\filters\CFilterChain.php(133): CController->runAction(Object(CInlineAction))
#19 C:\Program Files (x86)\PHP\Yii\framework\web\filters\CFilter.php(40): CFilterChain->run()
#20 C:\Program Files (x86)\PHP\Yii\framework\web\CController.php(1145): CFilter->filter(Object(CFilterChain))
#21 C:\Program Files (x86)\PHP\Yii\framework\web\filters\CInlineFilter.php(58): CController->filterAccessControl(Object(CFilterChain))
#22 C:\Program Files (x86)\PHP\Yii\framework\web\filters\CFilterChain.php(130): CInlineFilter->filter(Object(CFilterChain))
#23 C:\Program Files (x86)\PHP\Yii\framework\web\CController.php(291): CFilterChain->run()
#24 C:\Program Files (x86)\PHP\Yii\framework\web\CController.php(265): CController->runActionWithFilters(Object(CInlineAction), Array)
#25 C:\Program Files (x86)\PHP\Yii\framework\web\CWebApplication.php(282): CController->run('')
#26 C:\Program Files (x86)\PHP\Yii\framework\web\CWebApplication.php(141): CWebApplication->runController('variables')
#27 C:\Program Files (x86)\PHP\Yii\framework\base\CApplication.php(180): CWebApplication->processRequest()
#28 C:\xampp\htdocs\metalicious2y\index.php(13): CApplication->run()
#29 {main}
REQUEST_URI=/metalicious2y/index.php?r=variables
---
2014/03/18 22:16:34 [error] [php] Undefined variable: databaseDataProvider (C:\xampp\htdocs\metalicious2y\protected\views\businessFunctions\view.php:38)
Stack trace:
#0 C:\Program Files (x86)\PHP\Yii\framework\web\CController.php(869): BusinessFunctionsController->renderFile()
#1 C:\Program Files (x86)\PHP\Yii\framework\web\CController.php(782): BusinessFunctionsController->renderPartial()
#2 C:\xampp\htdocs\metalicious2y\protected\controllers\BusinessFunctionsController.php(56): BusinessFunctionsController->render()
#3 unknown(0): BusinessFunctionsController->actionView()
#4 C:\Program Files (x86)\PHP\Yii\framework\web\actions\CAction.php(108): ReflectionMethod->invokeArgs()
#5 C:\Program Files (x86)\PHP\Yii\framework\web\actions\CInlineAction.php(47): CInlineAction->runWithParamsInternal()
#6 C:\Program Files (x86)\PHP\Yii\framework\web\CController.php(308): CInlineAction->runWithParams()
#7 C:\Program Files (x86)\PHP\Yii\framework\web\filters\CFilterChain.php(133): BusinessFunctionsController->runAction()
#8 C:\Program Files (x86)\PHP\Yii\framework\web\filters\CFilter.php(40): CFilterChain->run()
#9 C:\Program Files (x86)\PHP\Yii\framework\web\CController.php(1145): CAccessControlFilter->filter()
#10 C:\Program Files (x86)\PHP\Yii\framework\web\filters\CInlineFilter.php(58): BusinessFunctionsController->filterAccessControl()
#11 C:\Program Files (x86)\PHP\Yii\framework\web\filters\CFilterChain.php(130): CInlineFilter->filter()
#12 C:\Program Files (x86)\PHP\Yii\framework\web\CController.php(291): CFilterChain->run()
#13 C:\Program Files (x86)\PHP\Yii\framework\web\CController.php(265): BusinessFunctionsController->runActionWithFilters()
#14 C:\Program Files (x86)\PHP\Yii\framework\web\CWebApplication.php(282): BusinessFunctionsController->run()
#15 C:\Program Files (x86)\PHP\Yii\framework\web\CWebApplication.php(141): CWebApplication->runController()
#16 C:\Program Files (x86)\PHP\Yii\framework\base\CApplication.php(180): CWebApplication->processRequest()
#17 C:\xampp\htdocs\metalicious2y\index.php(13): CWebApplication->run()
REQUEST_URI=/metalicious2y/index.php?r=businessFunctions/view&id=1
in C:\xampp\htdocs\metalicious2y\protected\views\businessFunctions\view.php (38)
in C:\xampp\htdocs\metalicious2y\protected\controllers\BusinessFunctionsController.php (56)
in C:\xampp\htdocs\metalicious2y\index.php (13)
2014/03/18 22:25:43 [error] [exception.CException] exception 'CException' with message 'Property "BusinessFunctions.Business_Function_Id" is not defined.' in C:\Program Files (x86)\PHP\Yii\framework\base\CComponent.php:130
Stack trace:
#0 C:\Program Files (x86)\PHP\Yii\framework\db\ar\CActiveRecord.php(145): CComponent->__get('Business_Functi...')
#1 C:\xampp\htdocs\metalicious2y\protected\views\businessFunctions\_view.php(10): CActiveRecord->__get('Business_Functi...')
#2 C:\Program Files (x86)\PHP\Yii\framework\web\CBaseController.php(130): require('C:\xampp\htdocs...')
#3 C:\Program Files (x86)\PHP\Yii\framework\web\CBaseController.php(95): CBaseController->renderInternal('C:\xampp\htdocs...', Array, false)
#4 C:\Program Files (x86)\PHP\Yii\framework\zii\widgets\CListView.php(291): CBaseController->renderFile('C:\xampp\htdocs...', Array)
#5 C:\Program Files (x86)\PHP\Yii\framework\zii\widgets\CBaseListView.php(167): CListView->renderItems()
#6 [internal function]: CBaseListView->renderSection(Array)
#7 C:\Program Files (x86)\PHP\Yii\framework\zii\widgets\CBaseListView.php(150): preg_replace_callback('/{(\w+)}/', Array, '{summary}?{sort...')
#8 C:\Program Files (x86)\PHP\Yii\framework\zii\widgets\CBaseListView.php(135): CBaseListView->renderContent()
#9 C:\Program Files (x86)\PHP\Yii\framework\web\CBaseController.php(173): CBaseListView->run()
#10 C:\xampp\htdocs\metalicious2y\protected\views\businessFunctions\index.php(20): CBaseController->widget('zii.widgets.CLi...', Array)
#11 C:\Program Files (x86)\PHP\Yii\framework\web\CBaseController.php(126): require('C:\xampp\htdocs...')
#12 C:\Program Files (x86)\PHP\Yii\framework\web\CBaseController.php(95): CBaseController->renderInternal('C:\xampp\htdocs...', Array, true)
#13 C:\Program Files (x86)\PHP\Yii\framework\web\CController.php(869): CBaseController->renderFile('C:\xampp\htdocs...', Array, true)
#14 C:\Program Files (x86)\PHP\Yii\framework\web\CController.php(782): CController->renderPartial('index', Array, true)
#15 C:\xampp\htdocs\metalicious2y\protected\controllers\BusinessFunctionsController.php(128): CController->render('index', Array)
#16 C:\Program Files (x86)\PHP\Yii\framework\web\actions\CInlineAction.php(49): BusinessFunctionsController->actionIndex()
#17 C:\Program Files (x86)\PHP\Yii\framework\web\CController.php(308): CInlineAction->runWithParams(Array)
#18 C:\Program Files (x86)\PHP\Yii\framework\web\filters\CFilterChain.php(133): CController->runAction(Object(CInlineAction))
#19 C:\Program Files (x86)\PHP\Yii\framework\web\filters\CFilter.php(40): CFilterChain->run()
#20 C:\Program Files (x86)\PHP\Yii\framework\web\CController.php(1145): CFilter->filter(Object(CFilterChain))
#21 C:\Program Files (x86)\PHP\Yii\framework\web\filters\CInlineFilter.php(58): CController->filterAccessControl(Object(CFilterChain))
#22 C:\Program Files (x86)\PHP\Yii\framework\web\filters\CFilterChain.php(130): CInlineFilter->filter(Object(CFilterChain))
#23 C:\Program Files (x86)\PHP\Yii\framework\web\CController.php(291): CFilterChain->run()
#24 C:\Program Files (x86)\PHP\Yii\framework\web\CController.php(265): CController->runActionWithFilters(Object(CInlineAction), Array)
#25 C:\Program Files (x86)\PHP\Yii\framework\web\CWebApplication.php(282): CController->run('')
#26 C:\Program Files (x86)\PHP\Yii\framework\web\CWebApplication.php(141): CWebApplication->runController('businessFunctio...')
#27 C:\Program Files (x86)\PHP\Yii\framework\base\CApplication.php(180): CWebApplication->processRequest()
#28 C:\xampp\htdocs\metalicious2y\index.php(13): CApplication->run()
#29 {main}
REQUEST_URI=/metalicious2y/index.php?r=businessFunctions
---
2014/03/18 22:26:54 [error] [php] Undefined variable: databaseDataProvider (C:\xampp\htdocs\metalicious2y\protected\views\businessFunctions\view.php:38)
Stack trace:
#0 C:\Program Files (x86)\PHP\Yii\framework\web\CController.php(869): BusinessFunctionsController->renderFile()
#1 C:\Program Files (x86)\PHP\Yii\framework\web\CController.php(782): BusinessFunctionsController->renderPartial()
#2 C:\xampp\htdocs\metalicious2y\protected\controllers\BusinessFunctionsController.php(56): BusinessFunctionsController->render()
#3 unknown(0): BusinessFunctionsController->actionView()
#4 C:\Program Files (x86)\PHP\Yii\framework\web\actions\CAction.php(108): ReflectionMethod->invokeArgs()
#5 C:\Program Files (x86)\PHP\Yii\framework\web\actions\CInlineAction.php(47): CInlineAction->runWithParamsInternal()
#6 C:\Program Files (x86)\PHP\Yii\framework\web\CController.php(308): CInlineAction->runWithParams()
#7 C:\Program Files (x86)\PHP\Yii\framework\web\filters\CFilterChain.php(133): BusinessFunctionsController->runAction()
#8 C:\Program Files (x86)\PHP\Yii\framework\web\filters\CFilter.php(40): CFilterChain->run()
#9 C:\Program Files (x86)\PHP\Yii\framework\web\CController.php(1145): CAccessControlFilter->filter()
#10 C:\Program Files (x86)\PHP\Yii\framework\web\filters\CInlineFilter.php(58): BusinessFunctionsController->filterAccessControl()
#11 C:\Program Files (x86)\PHP\Yii\framework\web\filters\CFilterChain.php(130): CInlineFilter->filter()
#12 C:\Program Files (x86)\PHP\Yii\framework\web\CController.php(291): CFilterChain->run()
#13 C:\Program Files (x86)\PHP\Yii\framework\web\CController.php(265): BusinessFunctionsController->runActionWithFilters()
#14 C:\Program Files (x86)\PHP\Yii\framework\web\CWebApplication.php(282): BusinessFunctionsController->run()
#15 C:\Program Files (x86)\PHP\Yii\framework\web\CWebApplication.php(141): CWebApplication->runController()
#16 C:\Program Files (x86)\PHP\Yii\framework\base\CApplication.php(180): CWebApplication->processRequest()
#17 C:\xampp\htdocs\metalicious2y\index.php(13): CWebApplication->run()
REQUEST_URI=/metalicious2y/index.php?r=businessFunctions/view&id=3
in C:\xampp\htdocs\metalicious2y\protected\views\businessFunctions\view.php (38)
in C:\xampp\htdocs\metalicious2y\protected\controllers\BusinessFunctionsController.php (56)
in C:\xampp\htdocs\metalicious2y\index.php (13)
2014/03/18 22:39:42 [error] [php] Undefined variable: databaseDataProvider (C:\xampp\htdocs\metalicious2y\protected\views\businessFunctions\view.php:38)
Stack trace:
#0 C:\Program Files (x86)\PHP\Yii\framework\web\CController.php(869): BusinessFunctionsController->renderFile()
#1 C:\Program Files (x86)\PHP\Yii\framework\web\CController.php(782): BusinessFunctionsController->renderPartial()
#2 C:\xampp\htdocs\metalicious2y\protected\controllers\BusinessFunctionsController.php(69): BusinessFunctionsController->render()
#3 unknown(0): BusinessFunctionsController->actionView()
#4 C:\Program Files (x86)\PHP\Yii\framework\web\actions\CAction.php(108): ReflectionMethod->invokeArgs()
#5 C:\Program Files (x86)\PHP\Yii\framework\web\actions\CInlineAction.php(47): CInlineAction->runWithParamsInternal()
#6 C:\Program Files (x86)\PHP\Yii\framework\web\CController.php(308): CInlineAction->runWithParams()
#7 C:\Program Files (x86)\PHP\Yii\framework\web\filters\CFilterChain.php(133): BusinessFunctionsController->runAction()
#8 C:\Program Files (x86)\PHP\Yii\framework\web\filters\CFilter.php(40): CFilterChain->run()
#9 C:\Program Files (x86)\PHP\Yii\framework\web\CController.php(1145): CAccessControlFilter->filter()
#10 C:\Program Files (x86)\PHP\Yii\framework\web\filters\CInlineFilter.php(58): BusinessFunctionsController->filterAccessControl()
#11 C:\Program Files (x86)\PHP\Yii\framework\web\filters\CFilterChain.php(130): CInlineFilter->filter()
#12 C:\Program Files (x86)\PHP\Yii\framework\web\CController.php(291): CFilterChain->run()
#13 C:\Program Files (x86)\PHP\Yii\framework\web\CController.php(265): BusinessFunctionsController->runActionWithFilters()
#14 C:\Program Files (x86)\PHP\Yii\framework\web\CWebApplication.php(282): BusinessFunctionsController->run()
#15 C:\Program Files (x86)\PHP\Yii\framework\web\CWebApplication.php(141): CWebApplication->runController()
#16 C:\Program Files (x86)\PHP\Yii\framework\base\CApplication.php(180): CWebApplication->processRequest()
#17 C:\xampp\htdocs\metalicious2y\index.php(13): CWebApplication->run()
REQUEST_URI=/metalicious2y/index.php?r=businessFunctions/view&id=1
in C:\xampp\htdocs\metalicious2y\protected\views\businessFunctions\view.php (38)
in C:\xampp\htdocs\metalicious2y\protected\controllers\BusinessFunctionsController.php (69)
in C:\xampp\htdocs\metalicious2y\index.php (13)
2014/03/18 22:40:04 [error] [php] Undefined variable: tableDataProvider (C:\xampp\htdocs\metalicious2y\protected\controllers\BusinessFunctionsController.php:68)
Stack trace:
#0 C:\Program Files (x86)\PHP\Yii\framework\web\actions\CInlineAction.php(47): CInlineAction->runWithParamsInternal()
#1 C:\Program Files (x86)\PHP\Yii\framework\web\CController.php(308): CInlineAction->runWithParams()
#2 C:\Program Files (x86)\PHP\Yii\framework\web\filters\CFilterChain.php(133): BusinessFunctionsController->runAction()
#3 C:\Program Files (x86)\PHP\Yii\framework\web\filters\CFilter.php(40): CFilterChain->run()
#4 C:\Program Files (x86)\PHP\Yii\framework\web\CController.php(1145): CAccessControlFilter->filter()
#5 C:\Program Files (x86)\PHP\Yii\framework\web\filters\CInlineFilter.php(58): BusinessFunctionsController->filterAccessControl()
#6 C:\Program Files (x86)\PHP\Yii\framework\web\filters\CFilterChain.php(130): CInlineFilter->filter()
#7 C:\Program Files (x86)\PHP\Yii\framework\web\CController.php(291): CFilterChain->run()
#8 C:\Program Files (x86)\PHP\Yii\framework\web\CController.php(265): BusinessFunctionsController->runActionWithFilters()
#9 C:\Program Files (x86)\PHP\Yii\framework\web\CWebApplication.php(282): BusinessFunctionsController->run()
#10 C:\Program Files (x86)\PHP\Yii\framework\web\CWebApplication.php(141): CWebApplication->runController()
#11 C:\Program Files (x86)\PHP\Yii\framework\base\CApplication.php(180): CWebApplication->processRequest()
#12 C:\xampp\htdocs\metalicious2y\index.php(13): CWebApplication->run()
REQUEST_URI=/metalicious2y/index.php?r=businessFunctions/view&id=6
in C:\xampp\htdocs\metalicious2y\protected\controllers\BusinessFunctionsController.php (68)
in C:\xampp\htdocs\metalicious2y\index.php (13)
2014/03/18 22:40:34 [error] [php] Undefined variable: tableDataProvider (C:\xampp\htdocs\metalicious2y\protected\controllers\BusinessFunctionsController.php:68)
Stack trace:
#0 C:\Program Files (x86)\PHP\Yii\framework\web\actions\CInlineAction.php(47): CInlineAction->runWithParamsInternal()
#1 C:\Program Files (x86)\PHP\Yii\framework\web\CController.php(308): CInlineAction->runWithParams()
#2 C:\Program Files (x86)\PHP\Yii\framework\web\filters\CFilterChain.php(133): BusinessFunctionsController->runAction()
#3 C:\Program Files (x86)\PHP\Yii\framework\web\filters\CFilter.php(40): CFilterChain->run()
#4 C:\Program Files (x86)\PHP\Yii\framework\web\CController.php(1145): CAccessControlFilter->filter()
#5 C:\Program Files (x86)\PHP\Yii\framework\web\filters\CInlineFilter.php(58): BusinessFunctionsController->filterAccessControl()
#6 C:\Program Files (x86)\PHP\Yii\framework\web\filters\CFilterChain.php(130): CInlineFilter->filter()
#7 C:\Program Files (x86)\PHP\Yii\framework\web\CController.php(291): CFilterChain->run()
#8 C:\Program Files (x86)\PHP\Yii\framework\web\CController.php(265): BusinessFunctionsController->runActionWithFilters()
#9 C:\Program Files (x86)\PHP\Yii\framework\web\CWebApplication.php(282): BusinessFunctionsController->run()
#10 C:\Program Files (x86)\PHP\Yii\framework\web\CWebApplication.php(141): CWebApplication->runController()
#11 C:\Program Files (x86)\PHP\Yii\framework\base\CApplication.php(180): CWebApplication->processRequest()
#12 C:\xampp\htdocs\metalicious2y\index.php(13): CWebApplication->run()
REQUEST_URI=/metalicious2y/index.php?r=businessFunctions/view&id=6
in C:\xampp\htdocs\metalicious2y\protected\controllers\BusinessFunctionsController.php (68)
in C:\xampp\htdocs\metalicious2y\index.php (13)
2014/03/18 22:40:56 [error] [system.db.CDbCommand] CDbCommand::fetchColumn() failed: SQLSTATE[HY093]: Invalid parameter number: parameter was not defined. The SQL statement executed was: SELECT COUNT(*) FROM `databases` `t` WHERE Business_Function_ID=:Business_Function_Id.
in C:\xampp\htdocs\metalicious2y\protected\views\businessFunctions\view.php (40)
in C:\xampp\htdocs\metalicious2y\protected\controllers\BusinessFunctionsController.php (69)
in C:\xampp\htdocs\metalicious2y\index.php (13)
2014/03/18 22:40:56 [error] [exception.CDbException] exception 'CDbException' with message 'CDbCommand failed to execute the SQL statement: SQLSTATE[HY093]: Invalid parameter number: parameter was not defined. The SQL statement executed was: SELECT COUNT(*) FROM `databases` `t` WHERE Business_Function_ID=:Business_Function_Id' in C:\Program Files (x86)\PHP\Yii\framework\db\CDbCommand.php:543
Stack trace:
#0 C:\Program Files (x86)\PHP\Yii\framework\db\CDbCommand.php(433): CDbCommand->queryInternal('fetchColumn', 0, Array)
#1 C:\Program Files (x86)\PHP\Yii\framework\db\ar\CActiveRecord.php(1601): CDbCommand->queryScalar()
#2 C:\Program Files (x86)\PHP\Yii\framework\web\CActiveDataProvider.php(228): CActiveRecord->count(Object(CDbCriteria))
#3 C:\Program Files (x86)\PHP\Yii\framework\web\CDataProvider.php(224): CActiveDataProvider->calculateTotalItemCount()
#4 C:\Program Files (x86)\PHP\Yii\framework\web\CActiveDataProvider.php(178): CDataProvider->getTotalItemCount()
#5 C:\Program Files (x86)\PHP\Yii\framework\web\CDataProvider.php(168): CActiveDataProvider->fetchData()
#6 C:\Program Files (x86)\PHP\Yii\framework\zii\widgets\CBaseListView.php(111): CDataProvider->getData()
#7 C:\Program Files (x86)\PHP\Yii\framework\zii\widgets\CListView.php(211): CBaseListView->init()
#8 C:\Program Files (x86)\PHP\Yii\framework\web\CBaseController.php(147): CListView->init()
#9 C:\Program Files (x86)\PHP\Yii\framework\web\CBaseController.php(172): CBaseController->createWidget('zii.widgets.CLi...', Array)
#10 C:\xampp\htdocs\metalicious2y\protected\views\businessFunctions\view.php(40): CBaseController->widget('zii.widgets.CLi...', Array)
#11 C:\Program Files (x86)\PHP\Yii\framework\web\CBaseController.php(126): require('C:\xampp\htdocs...')
#12 C:\Program Files (x86)\PHP\Yii\framework\web\CBaseController.php(95): CBaseController->renderInternal('C:\xampp\htdocs...', Array, true)
#13 C:\Program Files (x86)\PHP\Yii\framework\web\CController.php(869): CBaseController->renderFile('C:\xampp\htdocs...', Array, true)
#14 C:\Program Files (x86)\PHP\Yii\framework\web\CController.php(782): CController->renderPartial('view', Array, true)
#15 C:\xampp\htdocs\metalicious2y\protected\controllers\BusinessFunctionsController.php(69): CController->render('view', Array)
#16 [internal function]: BusinessFunctionsController->actionView('6')
#17 C:\Program Files (x86)\PHP\Yii\framework\web\actions\CAction.php(108): ReflectionMethod->invokeArgs(Object(BusinessFunctionsController), Array)
#18 C:\Program Files (x86)\PHP\Yii\framework\web\actions\CInlineAction.php(47): CAction->runWithParamsInternal(Object(BusinessFunctionsController), Object(ReflectionMethod), Array)
#19 C:\Program Files (x86)\PHP\Yii\framework\web\CController.php(308): CInlineAction->runWithParams(Array)
#20 C:\Program Files (x86)\PHP\Yii\framework\web\filters\CFilterChain.php(133): CController->runAction(Object(CInlineAction))
#21 C:\Program Files (x86)\PHP\Yii\framework\web\filters\CFilter.php(40): CFilterChain->run()
#22 C:\Program Files (x86)\PHP\Yii\framework\web\CController.php(1145): CFilter->filter(Object(CFilterChain))
#23 C:\Program Files (x86)\PHP\Yii\framework\web\filters\CInlineFilter.php(58): CController->filterAccessControl(Object(CFilterChain))
#24 C:\Program Files (x86)\PHP\Yii\framework\web\filters\CFilterChain.php(130): CInlineFilter->filter(Object(CFilterChain))
#25 C:\Program Files (x86)\PHP\Yii\framework\web\CController.php(291): CFilterChain->run()
#26 C:\Program Files (x86)\PHP\Yii\framework\web\CController.php(265): CController->runActionWithFilters(Object(CInlineAction), Array)
#27 C:\Program Files (x86)\PHP\Yii\framework\web\CWebApplication.php(282): CController->run('view')
#28 C:\Program Files (x86)\PHP\Yii\framework\web\CWebApplication.php(141): CWebApplication->runController('businessFunctio...')
#29 C:\Program Files (x86)\PHP\Yii\framework\base\CApplication.php(180): CWebApplication->processRequest()
#30 C:\xampp\htdocs\metalicious2y\index.php(13): CApplication->run()
#31 {main}
REQUEST_URI=/metalicious2y/index.php?r=businessFunctions/view&id=6
HTTP_REFERER=http://localhost:81/metalicious2y/index.php?r=businessFunctions
---
2014/03/18 22:59:16 [error] [exception.CHttpException.404] exception 'CHttpException' with message 'The system is unable to find the requested action "view_single".' in C:\Program Files (x86)\PHP\Yii\framework\web\CController.php:483
Stack trace:
#0 C:\Program Files (x86)\PHP\Yii\framework\web\CController.php(270): CController->missingAction('view_single')
#1 C:\Program Files (x86)\PHP\Yii\framework\web\CWebApplication.php(282): CController->run('view_single')
#2 C:\Program Files (x86)\PHP\Yii\framework\web\CWebApplication.php(141): CWebApplication->runController('businessFunctio...')
#3 C:\Program Files (x86)\PHP\Yii\framework\base\CApplication.php(180): CWebApplication->processRequest()
#4 C:\xampp\htdocs\metalicious2y\index.php(13): CApplication->run()
#5 {main}
REQUEST_URI=/metalicious2y/index.php?r=businessFunctions/view_single&id=6
---
2014/03/18 23:00:29 [error] [exception.CHttpException.404] exception 'CHttpException' with message 'The system is unable to find the requested action "viewsingle".' in C:\Program Files (x86)\PHP\Yii\framework\web\CController.php:483
Stack trace:
#0 C:\Program Files (x86)\PHP\Yii\framework\web\CController.php(270): CController->missingAction('viewsingle')
#1 C:\Program Files (x86)\PHP\Yii\framework\web\CWebApplication.php(282): CController->run('viewsingle')
#2 C:\Program Files (x86)\PHP\Yii\framework\web\CWebApplication.php(141): CWebApplication->runController('businessFunctio...')
#3 C:\Program Files (x86)\PHP\Yii\framework\base\CApplication.php(180): CWebApplication->processRequest()
#4 C:\xampp\htdocs\metalicious2y\index.php(13): CApplication->run()
#5 {main}
REQUEST_URI=/metalicious2y/index.php?r=businessFunctions/viewsingle&id=6
---
2014/03/18 23:01:47 [error] [exception.CHttpException.403] exception 'CHttpException' with message 'You are not authorized to perform this action.' in C:\Program Files (x86)\PHP\Yii\framework\web\auth\CAccessControlFilter.php:182
Stack trace:
#0 C:\Program Files (x86)\PHP\Yii\framework\web\auth\CAccessControlFilter.php(145): CAccessControlFilter->accessDenied(Object(CWebUser), 'You are not aut...')
#1 C:\Program Files (x86)\PHP\Yii\framework\web\filters\CFilter.php(38): CAccessControlFilter->preFilter(Object(CFilterChain))
#2 C:\Program Files (x86)\PHP\Yii\framework\web\CController.php(1145): CFilter->filter(Object(CFilterChain))
#3 C:\Program Files (x86)\PHP\Yii\framework\web\filters\CInlineFilter.php(58): CController->filterAccessControl(Object(CFilterChain))
#4 C:\Program Files (x86)\PHP\Yii\framework\web\filters\CFilterChain.php(130): CInlineFilter->filter(Object(CFilterChain))
#5 C:\Program Files (x86)\PHP\Yii\framework\web\CController.php(291): CFilterChain->run()
#6 C:\Program Files (x86)\PHP\Yii\framework\web\CController.php(265): CController->runActionWithFilters(Object(CInlineAction), Array)
#7 C:\Program Files (x86)\PHP\Yii\framework\web\CWebApplication.php(282): CController->run('viewsingle')
#8 C:\Program Files (x86)\PHP\Yii\framework\web\CWebApplication.php(141): CWebApplication->runController('businessFunctio...')
#9 C:\Program Files (x86)\PHP\Yii\framework\base\CApplication.php(180): CWebApplication->processRequest()
#10 C:\xampp\htdocs\metalicious2y\index.php(13): CApplication->run()
#11 {main}
REQUEST_URI=/metalicious2y/index.php?r=businessFunctions/viewsingle&id=6
---
2014/03/18 23:03:35 [error] [exception.CHttpException.404] exception 'CHttpException' with message 'The system is unable to find the requested action "view_single".' in C:\Program Files (x86)\PHP\Yii\framework\web\CController.php:483
Stack trace:
#0 C:\Program Files (x86)\PHP\Yii\framework\web\CController.php(270): CController->missingAction('view_single')
#1 C:\Program Files (x86)\PHP\Yii\framework\web\CWebApplication.php(282): CController->run('view_single')
#2 C:\Program Files (x86)\PHP\Yii\framework\web\CWebApplication.php(141): CWebApplication->runController('businessFunctio...')
#3 C:\Program Files (x86)\PHP\Yii\framework\base\CApplication.php(180): CWebApplication->processRequest()
#4 C:\xampp\htdocs\metalicious2y\index.php(13): CApplication->run()
#5 {main}
REQUEST_URI=/metalicious2y/index.php?r=businessFunctions/view_single&id=6
---
2014/03/18 23:03:38 [error] [exception.CHttpException.403] exception 'CHttpException' with message 'You are not authorized to perform this action.' in C:\Program Files (x86)\PHP\Yii\framework\web\auth\CAccessControlFilter.php:182
Stack trace:
#0 C:\Program Files (x86)\PHP\Yii\framework\web\auth\CAccessControlFilter.php(145): CAccessControlFilter->accessDenied(Object(CWebUser), 'You are not aut...')
#1 C:\Program Files (x86)\PHP\Yii\framework\web\filters\CFilter.php(38): CAccessControlFilter->preFilter(Object(CFilterChain))
#2 C:\Program Files (x86)\PHP\Yii\framework\web\CController.php(1145): CFilter->filter(Object(CFilterChain))
#3 C:\Program Files (x86)\PHP\Yii\framework\web\filters\CInlineFilter.php(58): CController->filterAccessControl(Object(CFilterChain))
#4 C:\Program Files (x86)\PHP\Yii\framework\web\filters\CFilterChain.php(130): CInlineFilter->filter(Object(CFilterChain))
#5 C:\Program Files (x86)\PHP\Yii\framework\web\CController.php(291): CFilterChain->run()
#6 C:\Program Files (x86)\PHP\Yii\framework\web\CController.php(265): CController->runActionWithFilters(Object(CInlineAction), Array)
#7 C:\Program Files (x86)\PHP\Yii\framework\web\CWebApplication.php(282): CController->run('viewsingle')
#8 C:\Program Files (x86)\PHP\Yii\framework\web\CWebApplication.php(141): CWebApplication->runController('businessFunctio...')
#9 C:\Program Files (x86)\PHP\Yii\framework\base\CApplication.php(180): CWebApplication->processRequest()
#10 C:\xampp\htdocs\metalicious2y\index.php(13): CApplication->run()
#11 {main}
REQUEST_URI=/metalicious2y/index.php?r=businessFunctions/viewsingle&id=6
---
2014/03/18 23:03:41 [error] [exception.CHttpException.404] exception 'CHttpException' with message 'The system is unable to find the requested action "view_single".' in C:\Program Files (x86)\PHP\Yii\framework\web\CController.php:483
Stack trace:
#0 C:\Program Files (x86)\PHP\Yii\framework\web\CController.php(270): CController->missingAction('view_single')
#1 C:\Program Files (x86)\PHP\Yii\framework\web\CWebApplication.php(282): CController->run('view_single')
#2 C:\Program Files (x86)\PHP\Yii\framework\web\CWebApplication.php(141): CWebApplication->runController('businessFunctio...')
#3 C:\Program Files (x86)\PHP\Yii\framework\base\CApplication.php(180): CWebApplication->processRequest()
#4 C:\xampp\htdocs\metalicious2y\index.php(13): CApplication->run()
#5 {main}
REQUEST_URI=/metalicious2y/index.php?r=businessFunctions/view_single&id=6
---
2014/03/18 23:11:32 [error] [exception.CHttpException.404] exception 'CHttpException' with message 'The requested page does not exist.' in C:\xampp\htdocs\metalicious2y\protected\controllers\DatabasesController.php:177
Stack trace:
#0 C:\xampp\htdocs\metalicious2y\protected\controllers\DatabasesController.php(75): DatabasesController->loadModel('6')
#1 [internal function]: DatabasesController->actionViewsingle('6')
#2 C:\Program Files (x86)\PHP\Yii\framework\web\actions\CAction.php(108): ReflectionMethod->invokeArgs(Object(DatabasesController), Array)
#3 C:\Program Files (x86)\PHP\Yii\framework\web\actions\CInlineAction.php(47): CAction->runWithParamsInternal(Object(DatabasesController), Object(ReflectionMethod), Array)
#4 C:\Program Files (x86)\PHP\Yii\framework\web\CController.php(308): CInlineAction->runWithParams(Array)
#5 C:\Program Files (x86)\PHP\Yii\framework\web\filters\CFilterChain.php(133): CController->runAction(Object(CInlineAction))
#6 C:\Program Files (x86)\PHP\Yii\framework\web\filters\CFilter.php(40): CFilterChain->run()
#7 C:\Program Files (x86)\PHP\Yii\framework\web\CController.php(1145): CFilter->filter(Object(CFilterChain))
#8 C:\Program Files (x86)\PHP\Yii\framework\web\filters\CInlineFilter.php(58): CController->filterAccessControl(Object(CFilterChain))
#9 C:\Program Files (x86)\PHP\Yii\framework\web\filters\CFilterChain.php(130): CInlineFilter->filter(Object(CFilterChain))
#10 C:\Program Files (x86)\PHP\Yii\framework\web\CController.php(291): CFilterChain->run()
#11 C:\Program Files (x86)\PHP\Yii\framework\web\CController.php(265): CController->runActionWithFilters(Object(CInlineAction), Array)
#12 C:\Program Files (x86)\PHP\Yii\framework\web\CWebApplication.php(282): CController->run('viewsingle')
#13 C:\Program Files (x86)\PHP\Yii\framework\web\CWebApplication.php(141): CWebApplication->runController('databases/views...')
#14 C:\Program Files (x86)\PHP\Yii\framework\base\CApplication.php(180): CWebApplication->processRequest()
#15 C:\xampp\htdocs\metalicious2y\index.php(13): CApplication->run()
#16 {main}
REQUEST_URI=/metalicious2y/index.php?r=databases/viewsingle&id=6
---
2014/03/18 23:39:51 [error] [exception.CHttpException.404] exception 'CHttpException' with message 'The system is unable to find the requested action "indexDatabases".' in C:\Program Files (x86)\PHP\Yii\framework\web\CController.php:483
Stack trace:
#0 C:\Program Files (x86)\PHP\Yii\framework\web\CController.php(270): CController->missingAction('indexDatabases')
#1 C:\Program Files (x86)\PHP\Yii\framework\web\CWebApplication.php(282): CController->run('indexDatabases')
#2 C:\Program Files (x86)\PHP\Yii\framework\web\CWebApplication.php(141): CWebApplication->runController('databases/index...')
#3 C:\Program Files (x86)\PHP\Yii\framework\base\CApplication.php(180): CWebApplication->processRequest()
#4 C:\xampp\htdocs\metalicious2y\index.php(13): CApplication->run()
#5 {main}
REQUEST_URI=/metalicious2y/index.php?r=databases/indexDatabases
HTTP_REFERER=http://localhost:81/metalicious2y/index.php
---
